#
# There is insufficient memory for the Java Runtime Environment to continue.
# Native memory allocation (mmap) failed to map 234881024 bytes for G1 virtual space
# Possible reasons:
#   The system is out of physical RAM or swap space
#   The process is running with CompressedOops enabled, and the Java Heap may be blocking the growth of the native heap
# Possible solutions:
#   Reduce memory load on the system
#   Increase physical memory or swap space
#   Check if swap backing store is full
#   Decrease Java heap size (-Xmx/-Xms)
#   Decrease number of Java threads
#   Decrease Java thread stack sizes (-Xss)
#   Set larger code cache with -XX:ReservedCodeCacheSize=
#   JVM is running with Unscaled Compressed Oops mode in which the Java heap is
#     placed in the first 4GB address space. The Java Heap base address is the
#     maximum limit for the native heap growth. Please use -XX:HeapBaseMinAddress
#     to set the Java Heap base and to place the Java Heap above 4GB virtual address.
# This output file may be truncated or incomplete.
#
#  Out of Memory Error (os_windows.cpp:3829), pid=1908, tid=10404
#
# JRE version:  (17.0.8+7) (build )
# Java VM: OpenJDK 64-Bit Server VM (17.0.8+7-b1000.22, mixed mode, sharing, tiered, compressed oops, compressed class ptrs, g1 gc, windows-amd64)
# No core dump will be written. Minidumps are not enabled by default on client versions of Windows
#

---------------  S U M M A R Y ------------

Command Line: -Dorg.gradle.internal.worker.tmpdir=C:\Users\sanda\IdeaProjects\tema-1-NeculauSanda\app\build\tmp\test\work -Dorg.gradle.native=false --add-opens=java.base/java.util=ALL-UNNAMED --add-opens=java.base/java.lang=ALL-UNNAMED -Xmx512m -Dfile.encoding=windows-1250 -Duser.country=RO -Duser.language=ro -Duser.variant -ea worker.org.gradle.process.internal.worker.GradleWorkerMain 'Gradle Test Executor 1'

Host: AMD Ryzen 7 3700U with Radeon Vega Mobile Gfx  , 8 cores, 13G,  Windows 11 , 64 bit Build 22621 (10.0.22621.2506)
Time: Thu Nov 23 12:45:23 2023 GTB, ors 11 , 64 bit Build 22621 (10.0.22621.2506) elapsed time: 0.032303 seconds (0d 0h 0m 0s)

---------------  T H R E A D  ---------------

Current thread (0x0000017d25d25830):  JavaThread "Unknown thread" [_thread_in_vm, id=10404, stack(0x0000006978100000,0x0000006978200000)]

Stack: [0x0000006978100000,0x0000006978200000]
Native frames: (J=compiled Java code, j=interpreted, Vv=VM code, C=native code)
V  [jvm.dll+0x6852da]
V  [jvm.dll+0x844c84]
V  [jvm.dll+0x84659e]
V  [jvm.dll+0x846c03]
V  [jvm.dll+0x24b7cf]
V  [jvm.dll+0x682049]
V  [jvm.dll+0x67671a]
V  [jvm.dll+0x30be2b]
V  [jvm.dll+0x3132d6]
V  [jvm.dll+0x36302e]
V  [jvm.dll+0x36325f]
V  [jvm.dll+0x2e1f48]
V  [jvm.dll+0x2e2eb4]
V  [jvm.dll+0x815c11]
V  [jvm.dll+0x370df1]
V  [jvm.dll+0x7f4fdc]
V  [jvm.dll+0x3f3f1f]
V  [jvm.dll+0x3f5b31]
C  [jli.dll+0x528f]
C  [ucrtbase.dll+0x29363]
C  [KERNEL32.DLL+0x1257d]
C  [ntdll.dll+0x5aa58]


---------------  P R O C E S S  ---------------

Threads class SMR info:
_java_thread_list=0x00007ff9a5530098, length=0, elements={
}

Java Threads: ( => current thread )

Other Threads:
  0x0000017d25d53110 GCTaskThread "GC Thread#0" [stack: 0x0000006978200000,0x0000006978300000] [id=8364]
  0x0000017d25d58060 ConcurrentGCThread "G1 Main Marker" [stack: 0x0000006978300000,0x0000006978400000] [id=20252]
  0x0000017d25d58a70 ConcurrentGCThread "G1 Conc#0" [stack: 0x0000006978400000,0x0000006978500000] [id=9400]

[error occurred during error reporting (printing all threads), id 0xc0000005, EXCEPTION_ACCESS_VIOLATION (0xc0000005) at pc=0x00007ff9a4ce2ab7]

VM state: not at safepoint (not fully initialized)

VM Mutex/Monitor currently owned by a thread:  ([mutex/lock_event])
[0x0000017d25d20310] Heap_lock - owner thread: 0x0000017d25d25830

Heap address: 0x00000000e0000000, size: 512 MB, Compressed Oops mode: 32-bit

CDS archive(s) mapped at: [0x0000000000000000-0x0000000000000000-0x0000000000000000), size 0, SharedBaseAddress: 0x0000000800000000, ArchiveRelocationMode: 1.
Narrow klass base: 0x0000000000000000, Narrow klass shift: 0, Narrow klass range: 0x0

GC Precious Log:
<Empty>

Heap:
 garbage-first heap   total 0K, used 0K [0x00000000e0000000, 0x0000000100000000)
  region size 1024K, 0 young (0K), 0 survivors (0K)
 Metaspace       used 0K, committed 0K, reserved 0K
  class space    used 0K, committed 0K, reserved 0K

Heap Regions: E=young(eden), S=young(survivor), O=old, HS=humongous(starts), HC=humongous(continues), CS=collection set, F=free, OA=open archive, CA=closed archive, TAMS=top-at-mark-start (previous, next)

Card table byte_map: [0x0000017d388c0000,0x0000017d389c0000] _byte_map_base: 0x0000017d381c0000

Marking Bits (Prev, Next): (CMBitMap*) 0x0000017d25d53730, (CMBitMap*) 0x0000017d25d53770
 Prev Bits: [0x0000017d38ac0000, 0x0000017d392c0000)
 Next Bits: [0x0000017d392c0000, 0x0000017d39ac0000)

GC Heap History (0 events):
No events

Dll operation events (1 events):
Event: 0.019 Loaded shared library C:\PRIVAT\POO\IntelliJ IDEA 2023.2.2\jbr\bin\java.dll

Deoptimization events (0 events):
No events

Classes unloaded (0 events):
No events

Classes redefined (0 events):
No events

Internal exceptions (0 events):
No events

VM Operations (0 events):
No events

Events (0 events):
No events


Dynamic libraries:
0x00007ff7283a0000 - 0x00007ff7283aa000 	C:\PRIVAT\POO\IntelliJ IDEA 2023.2.2\jbr\bin\java.exe
0x00007ffa1cb10000 - 0x00007ffa1cd27000 	C:\WINDOWS\SYSTEM32\ntdll.dll
0x00007ffa1abc0000 - 0x00007ffa1ac84000 	C:\WINDOWS\System32\KERNEL32.DLL
0x00007ffa1a180000 - 0x00007ffa1a525000 	C:\WINDOWS\System32\KERNELBASE.dll
0x00007ffa1a060000 - 0x00007ffa1a171000 	C:\WINDOWS\System32\ucrtbase.dll
0x00007ff9f1610000 - 0x00007ff9f162b000 	C:\PRIVAT\POO\IntelliJ IDEA 2023.2.2\jbr\bin\VCRUNTIME140.dll
0x00007ff9f6bf0000 - 0x00007ff9f6c07000 	C:\PRIVAT\POO\IntelliJ IDEA 2023.2.2\jbr\bin\jli.dll
0x00007ffa1aa10000 - 0x00007ffa1abbe000 	C:\WINDOWS\System32\USER32.dll
0x00007ffa1a6c0000 - 0x00007ffa1a6e6000 	C:\WINDOWS\System32\win32u.dll
0x00007ff9f1ba0000 - 0x00007ff9f1e33000 	C:\WINDOWS\WinSxS\amd64_microsoft.windows.common-controls_6595b64144ccf1df_6.0.22621.2506_none_270c5ae97388e100\COMCTL32.dll
0x00007ffa1bbe0000 - 0x00007ffa1bc09000 	C:\WINDOWS\System32\GDI32.dll
0x00007ffa1bb30000 - 0x00007ffa1bbd7000 	C:\WINDOWS\System32\msvcrt.dll
0x00007ffa1a530000 - 0x00007ffa1a649000 	C:\WINDOWS\System32\gdi32full.dll
0x00007ffa19e80000 - 0x00007ffa19f1a000 	C:\WINDOWS\System32\msvcp_win.dll
0x00007ffa1b0d0000 - 0x00007ffa1b101000 	C:\WINDOWS\System32\IMM32.DLL
0x00007ff9f6fc0000 - 0x00007ff9f6fcc000 	C:\PRIVAT\POO\IntelliJ IDEA 2023.2.2\jbr\bin\vcruntime140_1.dll
0x00007ff9d0140000 - 0x00007ff9d01cd000 	C:\PRIVAT\POO\IntelliJ IDEA 2023.2.2\jbr\bin\msvcp140.dll
0x00007ff9a49f0000 - 0x00007ff9a5673000 	C:\PRIVAT\POO\IntelliJ IDEA 2023.2.2\jbr\bin\server\jvm.dll
0x00007ffa1ae50000 - 0x00007ffa1af01000 	C:\WINDOWS\System32\ADVAPI32.dll
0x00007ffa1a960000 - 0x00007ffa1aa06000 	C:\WINDOWS\System32\sechost.dll
0x00007ffa1b1f0000 - 0x00007ffa1b307000 	C:\WINDOWS\System32\RPCRT4.dll
0x00007ffa19d50000 - 0x00007ffa19d9d000 	C:\WINDOWS\SYSTEM32\POWRPROF.dll
0x00007ffa146f0000 - 0x00007ffa146f9000 	C:\WINDOWS\SYSTEM32\WSOCK32.dll
0x00007ffa1c8f0000 - 0x00007ffa1c961000 	C:\WINDOWS\System32\WS2_32.dll
0x00007ffa12970000 - 0x00007ffa129a4000 	C:\WINDOWS\SYSTEM32\WINMM.dll
0x00007ffa11710000 - 0x00007ffa1171a000 	C:\WINDOWS\SYSTEM32\VERSION.dll
0x00007ffa19c80000 - 0x00007ffa19c93000 	C:\WINDOWS\SYSTEM32\UMPDC.dll
0x00007ffa18e60000 - 0x00007ffa18e78000 	C:\WINDOWS\SYSTEM32\kernel.appcore.dll
0x00007ffa13c60000 - 0x00007ffa13c6a000 	C:\PRIVAT\POO\IntelliJ IDEA 2023.2.2\jbr\bin\jimage.dll
0x00007ffa17800000 - 0x00007ffa17a33000 	C:\WINDOWS\SYSTEM32\DBGHELP.DLL
0x00007ffa1bc10000 - 0x00007ffa1bf99000 	C:\WINDOWS\System32\combase.dll
0x00007ffa1c810000 - 0x00007ffa1c8e7000 	C:\WINDOWS\System32\OLEAUT32.dll
0x00007ffa0c6f0000 - 0x00007ffa0c722000 	C:\WINDOWS\SYSTEM32\dbgcore.DLL
0x00007ffa19f20000 - 0x00007ffa19f9a000 	C:\WINDOWS\System32\bcryptPrimitives.dll
0x00007ffa075a0000 - 0x00007ffa075c5000 	C:\PRIVAT\POO\IntelliJ IDEA 2023.2.2\jbr\bin\java.dll

dbghelp: loaded successfully - version: 4.0.5 - missing functions: none
symbol engine: initialized successfully - sym options: 0x614 - pdb path: .;C:\PRIVAT\POO\IntelliJ IDEA 2023.2.2\jbr\bin;C:\WINDOWS\SYSTEM32;C:\WINDOWS\WinSxS\amd64_microsoft.windows.common-controls_6595b64144ccf1df_6.0.22621.2506_none_270c5ae97388e100;C:\PRIVAT\POO\IntelliJ IDEA 2023.2.2\jbr\bin\server

VM Arguments:
jvm_args: -Dorg.gradle.internal.worker.tmpdir=C:\Users\sanda\IdeaProjects\tema-1-NeculauSanda\app\build\tmp\test\work -Dorg.gradle.native=false --add-opens=java.base/java.util=ALL-UNNAMED --add-opens=java.base/java.lang=ALL-UNNAMED -Xmx512m -Dfile.encoding=windows-1250 -Duser.country=RO -Duser.language=ro -Duser.variant -ea 
java_command: worker.org.gradle.process.internal.worker.GradleWorkerMain 'Gradle Test Executor 1'
java_class_path (initial): C:\\Users\\sanda\\.gradle\\caches\\7.4\\workerMain\\gradle-worker.jar;C:\\Users\\sanda\\IdeaProjects\\tema-1-NeculauSanda\\app\\build\\classes\\java\\test;C:\\Users\\sanda\\IdeaProjects\\tema-1-NeculauSanda\\app\\build\\classes\\java\\main;C:\\Users\\sanda\\.gradle\\caches\\modules-2\\files-2.1\\com.google.guava\\guava\\30.1.1-jre\\87e0fd1df874ea3cbe577702fe6f17068b790fd8\\guava-30.1.1-jre.jar;C:\\Users\\sanda\\.gradle\\caches\\modules-2\\files-2.1\\org.junit.jupiter\\junit-jupiter-params\\5.8.1\\13afdb5d414cbe991fce3ef6b864de77c9644dae\\junit-jupiter-params-5.8.1.jar;C:\\Users\\sanda\\.gradle\\caches\\modules-2\\files-2.1\\org.junit.jupiter\\junit-jupiter-engine\\5.8.1\\21b86e08aae2720bbf017703669948be96d1388c\\junit-jupiter-engine-5.8.1.jar;C:\\Users\\sanda\\.gradle\\caches\\modules-2\\files-2.1\\org.junit.jupiter\\junit-jupiter-api\\5.8.1\\6538b88eb8bf8811bc7b6efb5246f835c15e0bfe\\junit-jupiter-api-5.8.1.jar;C:\\Users\\sanda\\.gradle\\caches\\modules-2\\files-2.1\\org.junit.platform\\junit-platform-engine\\1.8.1\\e6c63bf990dc88a6527b4ed617b23e47048f07e0\\junit-platform-engine-1.8.1.jar;C:\\Users\\sanda\\.gradle\\caches\\modules-2\\files-2.1\\org.junit.platform\\junit-platform-commons\\1.8.1\\1e362cbe6d0f225b066757865e233972557484\\junit-platform-commons-1.8.1.jar;C:\\Users\\sanda\\.gradle\\caches\\modules-2\\files-2.1\\org.junit.jupiter\\junit-jupiter\\5.8.1\\73a218cf02d36d4e87bb9697fdbe0780e92b6bd3\\junit-jupiter-5.8.1.jar;C:\\Users\\sanda\\.gradle\\caches\\modules-2\\files-2.1\\com.google.guava\\failureaccess\\1.0.1\\1dcf1de382a0bf95a3d8b0849546c88bac1292c9\\failureaccess-1.0.1.jar;C:\\Users\\sanda\\.gradle\\caches\\modules-2\\files-2.1\\com.google.guava\\listenablefuture\\9999.0-empty-to-avoid-conflict-with-guava\\b421526c5f297295adef1c886e5246c39d4ac629\\listenablefuture-9999.0-empty-to-avoid-conflict-with-guava.jar;C:\\Users\\sanda\\.gradle\\caches\\modules-2\\files-2.1\\com.google.code.findbugs\\jsr305\\3.0.2\\25ea2e8b0c338a8773
Launcher Type: SUN_STANDARD

[Global flags]
     intx CICompilerCount                          = 4                                         {product} {ergonomic}
     uint ConcGCThreads                            = 2                                         {product} {ergonomic}
     uint G1ConcRefinementThreads                  = 8                                         {product} {ergonomic}
   size_t G1HeapRegionSize                         = 1048576                                   {product} {ergonomic}
    uintx GCDrainStackTargetSize                   = 64                                        {product} {ergonomic}
   size_t InitialHeapSize                          = 234881024                                 {product} {ergonomic}
   size_t MarkStackSize                            = 4194304                                   {product} {ergonomic}
   size_t MaxHeapSize                              = 536870912                                 {product} {command line}
   size_t MinHeapDeltaBytes                        = 1048576                                   {product} {ergonomic}
   size_t MinHeapSize                              = 8388608                                   {product} {ergonomic}
    uintx NonNMethodCodeHeapSize                   = 5839372                                {pd product} {ergonomic}
    uintx NonProfiledCodeHeapSize                  = 122909434                              {pd product} {ergonomic}
    uintx ProfiledCodeHeapSize                     = 122909434                              {pd product} {ergonomic}
    uintx ReservedCodeCacheSize                    = 251658240                              {pd product} {ergonomic}
     bool SegmentedCodeCache                       = true                                      {product} {ergonomic}
   size_t SoftMaxHeapSize                          = 536870912                              {manageable} {ergonomic}
     bool UseCompressedClassPointers               = true                           {product lp64_product} {ergonomic}
     bool UseCompressedOops                        = true                           {product lp64_product} {ergonomic}
     bool UseG1GC                                  = true                                      {product} {ergonomic}
     bool UseLargePagesIndividualAllocation        = false                                  {pd product} {ergonomic}

Logging:
Log output configuration:
 #0: stdout all=warning uptime,level,tags
 #1: stderr all=off uptime,level,tags

Environment Variables:
PATH=C:\Program Files (x86)\Common Files\Intel\Shared Libraries\redist\intel64\compiler;C:\Program Files (x86)\VMware\VMware Player\bin\;C:\WINDOWS\system32;C:\WINDOWS;C:\WINDOWS\System32\Wbem;C:\WINDOWS\System32\WindowsPowerShell\v1.0\;C:\WINDOWS\System32\OpenSSH\;C:\Program Files\dotnet\;C:\PRIVAT\MN\bin;C:\Matlab\bin;C:\GIT_HUB\Git\cmd;C:\Users\sanda\AppData\Local\Microsoft\WindowsApps;C:\Users\sanda\.dotnet\tools;C:\PRIVAT\SDA\Microsoft VS Code\bin;C:\msys2\mingw64\bin;;C:\PRIVAT\POO\IntelliJ IDEA 2023.2.2\bin;
USERNAME=sanda
OS=Windows_NT
PROCESSOR_IDENTIFIER=AMD64 Family 23 Model 24 Stepping 1, AuthenticAMD
TMP=C:\Users\sanda\AppData\Local\Temp
TEMP=C:\Users\sanda\AppData\Local\Temp


JNI global refs:
JNI global refs: 0, weak refs: 0

JNI global refs memory usage: 0, weak refs: 0

OOME stack traces (most recent first):
Classloader memory used:


---------------  S Y S T E M  ---------------

OS:
 Windows 11 , 64 bit Build 22621 (10.0.22621.2506)
OS uptime: 6 days 5:58 hours
Hyper-V role detected

CPU: total 8 (initial active 8) (8 cores per cpu, 2 threads per core) family 23 model 24 stepping 1 microcode 0x0, cx8, cmov, fxsr, ht, mmx, 3dnowpref, sse, sse2, sse3, ssse3, sse4a, sse4.1, sse4.2, popcnt, lzcnt, tsc, tscinvbit, avx, avx2, aes, clmul, bmi1, bmi2, adx, sha, fma, vzeroupper, clflush, clflushopt, hv
Processor Information for all 8 processors :
  Max Mhz: 2300, Current Mhz: 2300, Mhz Limit: 2300

Memory: 4k page, system-wide physical 14283M (3885M free)
TotalPageFile size 14283M (AvailPageFile size 181M)
current process WorkingSet (physical memory assigned to process): 11M, peak: 11M
current process commit charge ("private bytes"): 59M, peak: 283M

vm_info: OpenJDK 64-Bit Server VM (17.0.8+7-b1000.22) for windows-amd64 JRE (17.0.8+7-b1000.22), built on 2023-09-02 by "builduser" with MS VC++ 16.10 / 16.11 (VS2019)

END.
